[2026-01-02T11:20:27.678+0000] {taskinstance.py:1956} INFO - Dependencies all met for dep_context=non-requeueable deps ti=<TaskInstance: Agricultural_Crop_Production_databricks_etl.run_Agricultural_Crop_Production_serverless_job manual__2026-01-02T11:20:24.399648+00:00 [queued]>
[2026-01-02T11:20:27.684+0000] {taskinstance.py:1956} INFO - Dependencies all met for dep_context=requeueable deps ti=<TaskInstance: Agricultural_Crop_Production_databricks_etl.run_Agricultural_Crop_Production_serverless_job manual__2026-01-02T11:20:24.399648+00:00 [queued]>
[2026-01-02T11:20:27.684+0000] {taskinstance.py:2170} INFO - Starting attempt 1 of 2
[2026-01-02T11:20:27.693+0000] {taskinstance.py:2191} INFO - Executing <Task(DatabricksRunNowOperator): run_Agricultural_Crop_Production_serverless_job> on 2026-01-02 11:20:24.399648+00:00
[2026-01-02T11:20:27.705+0000] {standard_task_runner.py:60} INFO - Started process 96 to run task
[2026-01-02T11:20:27.735+0000] {standard_task_runner.py:87} INFO - Running: ['***', 'tasks', 'run', 'Agricultural_Crop_Production_databricks_etl', 'run_Agricultural_Crop_Production_serverless_job', 'manual__2026-01-02T11:20:24.399648+00:00', '--job-id', '2', '--raw', '--subdir', 'DAGS_FOLDER/agri_dag.py', '--cfg-path', '/tmp/tmph0imyfiy']
[2026-01-02T11:20:27.762+0000] {standard_task_runner.py:88} INFO - Job 2: Subtask run_Agricultural_Crop_Production_serverless_job
[2026-01-02T11:20:28.266+0000] {task_command.py:423} INFO - Running <TaskInstance: Agricultural_Crop_Production_databricks_etl.run_Agricultural_Crop_Production_serverless_job manual__2026-01-02T11:20:24.399648+00:00 [running]> on host 1a3905c784bf
[2026-01-02T11:20:28.481+0000] {taskinstance.py:2480} INFO - Exporting env vars: AIRFLOW_CTX_DAG_OWNER='kaushik' AIRFLOW_CTX_DAG_ID='Agricultural_Crop_Production_databricks_etl' AIRFLOW_CTX_TASK_ID='run_Agricultural_Crop_Production_serverless_job' AIRFLOW_CTX_EXECUTION_DATE='2026-01-02T11:20:24.399648+00:00' AIRFLOW_CTX_TRY_NUMBER='1' AIRFLOW_CTX_DAG_RUN_ID='manual__2026-01-02T11:20:24.399648+00:00'
[2026-01-02T11:20:28.506+0000] {taskinstance.py:2698} ERROR - Task failed with exception
Traceback (most recent call last):
  File "/home/airflow/.local/lib/python3.8/site-packages/airflow/models/taskinstance.py", line 433, in _execute_task
    result = execute_callable(context=context, **execute_callable_kwargs)
  File "/home/airflow/.local/lib/python3.8/site-packages/airflow/providers/databricks/operators/databricks.py", line 918, in execute
    self.run_id = hook.run_now(self.json)
  File "/home/airflow/.local/lib/python3.8/site-packages/airflow/providers/databricks/hooks/databricks.py", line 253, in run_now
    response = self._do_api_call(RUN_NOW_ENDPOINT, json)
  File "/home/airflow/.local/lib/python3.8/site-packages/airflow/providers/databricks/hooks/databricks_base.py", line 536, in _do_api_call
    url = f"https://{self.host}/{endpoint}"
  File "/usr/local/lib/python3.8/functools.py", line 967, in __get__
    val = self.func(instance)
  File "/home/airflow/.local/lib/python3.8/site-packages/airflow/providers/databricks/hooks/databricks_base.py", line 158, in host
    if "host" in self.databricks_conn.extra_dejson:
  File "/usr/local/lib/python3.8/functools.py", line 967, in __get__
    val = self.func(instance)
  File "/home/airflow/.local/lib/python3.8/site-packages/airflow/providers/databricks/hooks/databricks_base.py", line 133, in databricks_conn
    return self.get_connection(self.databricks_conn_id)
  File "/home/airflow/.local/lib/python3.8/site-packages/airflow/hooks/base.py", line 82, in get_connection
    conn = Connection.get_connection_from_secrets(conn_id)
  File "/home/airflow/.local/lib/python3.8/site-packages/airflow/models/connection.py", line 479, in get_connection_from_secrets
    raise AirflowNotFoundException(f"The conn_id `{conn_id}` isn't defined")
airflow.exceptions.AirflowNotFoundException: The conn_id `databricks_default` isn't defined
[2026-01-02T11:20:28.510+0000] {taskinstance.py:1138} INFO - Marking task as UP_FOR_RETRY. dag_id=Agricultural_Crop_Production_databricks_etl, task_id=run_Agricultural_Crop_Production_serverless_job, execution_date=20260102T112024, start_date=20260102T112027, end_date=20260102T112028
[2026-01-02T11:20:28.526+0000] {standard_task_runner.py:107} ERROR - Failed to execute job 2 for task run_Agricultural_Crop_Production_serverless_job (The conn_id `databricks_default` isn't defined; 96)
[2026-01-02T11:20:28.557+0000] {local_task_job_runner.py:234} INFO - Task exited with return code 1
[2026-01-02T11:20:28.570+0000] {taskinstance.py:3280} INFO - 0 downstream tasks scheduled from follow-on schedule check
