[2026-01-02T11:41:38.797+0000] {taskinstance.py:1956} INFO - Dependencies all met for dep_context=non-requeueable deps ti=<TaskInstance: Agricultural_Crop_Production_databricks_etl.run_Agricultural_Crop_Production_serverless_job manual__2026-01-02T11:41:36.858086+00:00 [queued]>
[2026-01-02T11:41:38.804+0000] {taskinstance.py:1956} INFO - Dependencies all met for dep_context=requeueable deps ti=<TaskInstance: Agricultural_Crop_Production_databricks_etl.run_Agricultural_Crop_Production_serverless_job manual__2026-01-02T11:41:36.858086+00:00 [queued]>
[2026-01-02T11:41:38.806+0000] {taskinstance.py:2170} INFO - Starting attempt 1 of 2
[2026-01-02T11:41:38.816+0000] {taskinstance.py:2191} INFO - Executing <Task(DatabricksRunNowOperator): run_Agricultural_Crop_Production_serverless_job> on 2026-01-02 11:41:36.858086+00:00
[2026-01-02T11:41:38.821+0000] {standard_task_runner.py:60} INFO - Started process 251 to run task
[2026-01-02T11:41:38.825+0000] {standard_task_runner.py:87} INFO - Running: ['***', 'tasks', 'run', 'Agricultural_Crop_Production_databricks_etl', 'run_Agricultural_Crop_Production_serverless_job', 'manual__2026-01-02T11:41:36.858086+00:00', '--job-id', '7', '--raw', '--subdir', 'DAGS_FOLDER/agri_dag.py', '--cfg-path', '/tmp/tmpim6xlhdd']
[2026-01-02T11:41:38.827+0000] {standard_task_runner.py:88} INFO - Job 7: Subtask run_Agricultural_Crop_Production_serverless_job
[2026-01-02T11:41:38.890+0000] {task_command.py:423} INFO - Running <TaskInstance: Agricultural_Crop_Production_databricks_etl.run_Agricultural_Crop_Production_serverless_job manual__2026-01-02T11:41:36.858086+00:00 [running]> on host 1a3905c784bf
[2026-01-02T11:41:38.948+0000] {taskinstance.py:2480} INFO - Exporting env vars: AIRFLOW_CTX_DAG_OWNER='kaushik' AIRFLOW_CTX_DAG_ID='Agricultural_Crop_Production_databricks_etl' AIRFLOW_CTX_TASK_ID='run_Agricultural_Crop_Production_serverless_job' AIRFLOW_CTX_EXECUTION_DATE='2026-01-02T11:41:36.858086+00:00' AIRFLOW_CTX_TRY_NUMBER='1' AIRFLOW_CTX_DAG_RUN_ID='manual__2026-01-02T11:41:36.858086+00:00'
[2026-01-02T11:41:38.955+0000] {base.py:83} INFO - Using connection ID 'databricks_default' for task execution.
[2026-01-02T11:41:40.413+0000] {databricks.py:66} INFO - Run submitted with run_id: 848148462036067
[2026-01-02T11:41:42.602+0000] {databricks.py:128} INFO - run_Agricultural_Crop_Production_serverless_job in run state: {'life_cycle_state': 'RUNNING', 'result_state': '', 'state_message': ''}
[2026-01-02T11:41:42.609+0000] {databricks.py:129} INFO - View run status, Spark UI, and logs at https://dbc-eb93d15a-c203.cloud.databricks.com/?o=2082267601773109#job/616190703118881/run/848148462036067
[2026-01-02T11:41:42.613+0000] {databricks.py:130} INFO - Sleeping for 30 seconds.
[2026-01-02T11:42:13.856+0000] {databricks.py:128} INFO - run_Agricultural_Crop_Production_serverless_job in run state: {'life_cycle_state': 'RUNNING', 'result_state': '', 'state_message': ''}
[2026-01-02T11:42:13.858+0000] {databricks.py:129} INFO - View run status, Spark UI, and logs at https://dbc-eb93d15a-c203.cloud.databricks.com/?o=2082267601773109#job/616190703118881/run/848148462036067
[2026-01-02T11:42:13.858+0000] {databricks.py:130} INFO - Sleeping for 30 seconds.
[2026-01-02T11:42:45.047+0000] {databricks.py:128} INFO - run_Agricultural_Crop_Production_serverless_job in run state: {'life_cycle_state': 'RUNNING', 'result_state': '', 'state_message': ''}
[2026-01-02T11:42:45.047+0000] {databricks.py:129} INFO - View run status, Spark UI, and logs at https://dbc-eb93d15a-c203.cloud.databricks.com/?o=2082267601773109#job/616190703118881/run/848148462036067
[2026-01-02T11:42:45.048+0000] {databricks.py:130} INFO - Sleeping for 30 seconds.
[2026-01-02T11:43:16.286+0000] {databricks.py:128} INFO - run_Agricultural_Crop_Production_serverless_job in run state: {'life_cycle_state': 'RUNNING', 'result_state': '', 'state_message': ''}
[2026-01-02T11:43:16.287+0000] {databricks.py:129} INFO - View run status, Spark UI, and logs at https://dbc-eb93d15a-c203.cloud.databricks.com/?o=2082267601773109#job/616190703118881/run/848148462036067
[2026-01-02T11:43:16.287+0000] {databricks.py:130} INFO - Sleeping for 30 seconds.
[2026-01-02T11:43:47.547+0000] {databricks.py:128} INFO - run_Agricultural_Crop_Production_serverless_job in run state: {'life_cycle_state': 'RUNNING', 'result_state': '', 'state_message': ''}
[2026-01-02T11:43:47.548+0000] {databricks.py:129} INFO - View run status, Spark UI, and logs at https://dbc-eb93d15a-c203.cloud.databricks.com/?o=2082267601773109#job/616190703118881/run/848148462036067
[2026-01-02T11:43:47.549+0000] {databricks.py:130} INFO - Sleeping for 30 seconds.
[2026-01-02T11:44:18.821+0000] {databricks.py:128} INFO - run_Agricultural_Crop_Production_serverless_job in run state: {'life_cycle_state': 'RUNNING', 'result_state': '', 'state_message': ''}
[2026-01-02T11:44:18.822+0000] {databricks.py:129} INFO - View run status, Spark UI, and logs at https://dbc-eb93d15a-c203.cloud.databricks.com/?o=2082267601773109#job/616190703118881/run/848148462036067
[2026-01-02T11:44:18.823+0000] {databricks.py:130} INFO - Sleeping for 30 seconds.
[2026-01-02T11:44:50.110+0000] {databricks.py:77} INFO - run_Agricultural_Crop_Production_serverless_job completed successfully.
[2026-01-02T11:44:50.111+0000] {databricks.py:78} INFO - View run status, Spark UI, and logs at https://dbc-eb93d15a-c203.cloud.databricks.com/?o=2082267601773109#job/616190703118881/run/848148462036067
[2026-01-02T11:44:50.118+0000] {taskinstance.py:1138} INFO - Marking task as SUCCESS. dag_id=Agricultural_Crop_Production_databricks_etl, task_id=run_Agricultural_Crop_Production_serverless_job, execution_date=20260102T114136, start_date=20260102T114138, end_date=20260102T114450
[2026-01-02T11:44:50.144+0000] {local_task_job_runner.py:234} INFO - Task exited with return code 0
[2026-01-02T11:44:50.159+0000] {taskinstance.py:3280} INFO - 0 downstream tasks scheduled from follow-on schedule check
